<?xml version="1.0" encoding="UTF-8"?>
<!-- Generated by org.testng.reporters.JUnitXMLReporter -->
<testsuite ignored="0" hostname="Janodya-lap" failures="0" tests="7" name="Default test" time="45.828" errors="0" timestamp="2024-06-27T11:55:31 IST">
  <testcase classname="com.Optiomax.testCases.AddWorkflowTest" name="addNewWorkflowWithValidData" time="6.799"/>
  <testcase classname="com.Optiomax.testCases.AddWorkflowTest" name="verifyErrorHandlingForRequiredFields" time="3.268"/>
  <testcase classname="com.Optiomax.testCases.AddWorkflowTest" name="verifyAddingWorkflowWithDuplicateData" time="4.813"/>
  <testcase classname="com.Optiomax.testCases.AddWorkflowTest" name="verifyAddingWorkflowWithEmptyDescription" time="3.477"/>
  <testcase classname="com.Optiomax.testCases.AddWorkflowTest" name="verifyAddingWorkflowWithEmptyWorkflowName" time="3.436"/>
  <testcase classname="com.Optiomax.testCases.AddWorkflowTest" name="addNewWorkflowWithSpecialCharacters" time="6.607"/>
  <testcase classname="com.Optiomax.testCases.AddWorkflowTest" name="openAndCloseAddWorkflowModal" time="0.172"/>
</testsuite> <!-- Default test -->
